Using pre-set license
Built from '2020.3/china_unity/release' branch; Version is '2020.3.18f1c1 (94c5a6b4c040) revision 9749926'; Using compiler version '192528614'; Build Type 'Release'
OS: 'Windows 10 Home China; OS build 19042.1348; Version 2009; 64bit' Language: 'zh' Physical Memory: 16235 MB
BatchMode: 1, IsHumanControllingUs: 0, StartBugReporterOnCrash: 0, Is64bit: 1, IsPro: 0

COMMAND LINE ARGUMENTS:
C:\Program Files\Unity\Hub\Editor\2020.3.18f1c1\Editor\Unity.exe
-adb2
-batchMode
-noUpm
-name
AssetImportWorker0
-projectPath
E:/unity/2D
-logFile
Logs/AssetImportWorker0.log
-srvPort
62021
Successfully changed project path to: E:/unity/2D
E:/unity/2D
Using Asset Import Pipeline V2.
AS: AutoStreaming module initializing.Refreshing native plugins compatible for Editor in 127.44 ms, found 4 plugins.
Preloading 0 native plugins for Editor in 0.00 ms.
Initialize engine version: 2020.3.18f1c1 (94c5a6b4c040)
[Subsystems] Discovering subsystems at path C:/Program Files/Unity/Hub/Editor/2020.3.18f1c1/Editor/Data/Resources/UnitySubsystems
[Subsystems] Discovering subsystems at path E:/unity/2D/Assets
GfxDevice: creating device client; threaded=0
Direct3D:
    Version:  Direct3D 11.0 [level 11.1]
    Renderer: NVIDIA GeForce RTX 3050 Laptop GPU (ID=0x25e2)
    Vendor:   
    VRAM:     3991 MB
    Driver:   30.0.14.7199
Initialize mono
Mono path[0] = 'C:/Program Files/Unity/Hub/Editor/2020.3.18f1c1/Editor/Data/Managed'
Mono path[1] = 'C:/Program Files/Unity/Hub/Editor/2020.3.18f1c1/Editor/Data/MonoBleedingEdge/lib/mono/unityjit'
Mono config path = 'C:/Program Files/Unity/Hub/Editor/2020.3.18f1c1/Editor/Data/MonoBleedingEdge/etc'
Using monoOptions --debugger-agent=transport=dt_socket,embedding=1,server=y,suspend=n,address=127.0.0.1:56484
Begin MonoManager ReloadAssembly
Registering precompiled unity dll's ...
Register platform support module: C:/Program Files/Unity/Hub/Editor/2020.3.18f1c1/Editor/Data/PlaybackEngines/WindowsStandaloneSupport/UnityEditor.WindowsStandalone.Extensions.dll
Registered in 0.003801 seconds.
Native extension for WindowsStandalone target not found
Refreshing native plugins compatible for Editor in 152.27 ms, found 4 plugins.
Preloading 0 native plugins for Editor in 0.00 ms.
Mono: successfully reloaded assembly
- Completed reload, in  2.657 seconds
Domain Reload Profiling:
	ReloadAssembly (2657ms)
		BeginReloadAssembly (58ms)
			ExecutionOrderSort (0ms)
			DisableScriptedObjects (0ms)
			BackupInstance (0ms)
			ReleaseScriptingObjects (0ms)
			CreateAndSetChildDomain (1ms)
		EndReloadAssembly (549ms)
			LoadAssemblies (55ms)
			RebuildTransferFunctionScriptingTraits (0ms)
			SetupTypeCache (139ms)
			ReleaseScriptCaches (0ms)
			RebuildScriptCaches (31ms)
			SetupLoadedEditorAssemblies (297ms)
				LogAssemblyErrors (0ms)
				InitializePlatformSupportModulesInManaged (4ms)
				SetLoadedEditorAssemblies (0ms)
				RefreshPlugins (152ms)
				BeforeProcessingInitializeOnLoad (17ms)
				ProcessInitializeOnLoadAttributes (87ms)
				ProcessInitializeOnLoadMethodAttributes (36ms)
				AfterProcessingInitializeOnLoad (0ms)
				EditorAssembliesLoaded (0ms)
			ExecutionOrderSort2 (0ms)
			AwakeInstancesAfterBackupRestoration (0ms)
Platform modules already initialized, skipping
Registering precompiled user dll's ...
Registered in 0.006624 seconds.
Begin MonoManager ReloadAssembly
Symbol file LoadedFromMemory doesn't match image E:\unity\2D\Library\PackageCache\com.unity.visualscripting@1.6.1\Editor\VisualScripting.Core\Dependencies\YamlDotNet\Unity.VisualScripting.YamlDotNet.dll
Symbol file LoadedFromMemory doesn't match image E:\unity\2D\Library\PackageCache\com.unity.visualscripting@1.6.1\Editor\VisualScripting.Core\Dependencies\DotNetZip\Unity.VisualScripting.IonicZip.dll
Native extension for WindowsStandalone target not found
Refreshing native plugins compatible for Editor in 138.26 ms, found 4 plugins.
Preloading 0 native plugins for Editor in 0.00 ms.
Mono: successfully reloaded assembly
- Completed reload, in  1.556 seconds
Domain Reload Profiling:
	ReloadAssembly (1557ms)
		BeginReloadAssembly (163ms)
			ExecutionOrderSort (0ms)
			DisableScriptedObjects (7ms)
			BackupInstance (0ms)
			ReleaseScriptingObjects (0ms)
			CreateAndSetChildDomain (18ms)
		EndReloadAssembly (1341ms)
			LoadAssemblies (112ms)
			RebuildTransferFunctionScriptingTraits (0ms)
			SetupTypeCache (365ms)
			ReleaseScriptCaches (1ms)
			RebuildScriptCaches (100ms)
			SetupLoadedEditorAssemblies (613ms)
				LogAssemblyErrors (0ms)
				InitializePlatformSupportModulesInManaged (7ms)
				SetLoadedEditorAssemblies (1ms)
				RefreshPlugins (138ms)
				BeforeProcessingInitializeOnLoad (154ms)
				ProcessInitializeOnLoadAttributes (290ms)
				ProcessInitializeOnLoadMethodAttributes (12ms)
				AfterProcessingInitializeOnLoad (10ms)
				EditorAssembliesLoaded (0ms)
			ExecutionOrderSort2 (0ms)
			AwakeInstancesAfterBackupRestoration (5ms)
Platform modules already initialized, skipping
========================================================================
Worker process is ready to serve import requests
Launched and connected shader compiler UnityShaderCompiler.exe after 0.08 seconds
Refreshing native plugins compatible for Editor in 0.89 ms, found 4 plugins.
Preloading 0 native plugins for Editor in 0.00 ms.
Unloading 5324 Unused Serialized files (Serialized files now loaded: 0)
System memory in use before: 222.1 MB.
System memory in use after: 222.5 MB.

Unloading 56 unused Assets to reduce memory usage. Loaded Objects now: 5764.
Total: 7.618100 ms (FindLiveObjects: 1.913800 ms CreateObjectMapping: 0.909300 ms MarkObjects: 4.734300 ms  DeleteObjects: 0.059500 ms)

AssetImportParameters requested are different than current active one (requested -> active):
  custom:framework-win-MediaFoundation: 216162199b28c13a410421893ffa2e32 -> 
  custom:video-decoder-ogg-theora: a1e56fd34408186e4bbccfd4996cb3dc -> 
  custom:container-muxer-webm: aa71ff27fc2769a1b78a27578f13a17b -> 
  custom:container-demuxer-webm: 4f35f7cbe854078d1ac9338744f61a02 -> 
  custom:container-demuxer-ogg: 62fdf1f143b41e24485cea50d1cbac27 -> 
  custom:video-encoder-webm-vp8: eb34c28f22e8b96e1ab97ce403110664 -> 
  custom:video-codec-MediaFoundation-h265: 746d11721c4dcdbdad8f713fa42b33f4 -> 
  custom:video-decoder-webm-vp8: 9c59270c3fd7afecdb556c50c9e8de78 -> 
  custom:audio-decoder-ogg-vorbis: bf7c407c2cedff20999df2af8eb42d56 -> 
  custom:audio-encoder-webm-vorbis: bf7c407c2cedff20999df2af8eb42d56 -> 
========================================================================
Received Import Request.
  path: Assets/Sunnyland/artwork/Environment/props/crate.png
  artifactKey: Guid(794aa25d484d140d89ea9601c122ece0) Importer(815301076,1909f56bfc062723c751e8b465ee728b)
Start importing Assets/Sunnyland/artwork/Environment/props/crate.png using Guid(794aa25d484d140d89ea9601c122ece0) Importer(815301076,1909f56bfc062723c751e8b465ee728b)  -> (artifact id: 'e4bbbddd86eb06b56fa4cb1b9fe417c7') in 0.111034 seconds 
  Import took 0.122705 seconds .

========================================================================
Received Import Request.
  Time since last request: 0.000573 seconds.
  path: Assets/Sunnyland/artwork/Sprites/Items/cherry/cherry-7.png
  artifactKey: Guid(056b6a3f6e14d4af2a7d641c4dd44e79) Importer(815301076,1909f56bfc062723c751e8b465ee728b)
Start importing Assets/Sunnyland/artwork/Sprites/Items/cherry/cherry-7.png using Guid(056b6a3f6e14d4af2a7d641c4dd44e79) Importer(815301076,1909f56bfc062723c751e8b465ee728b)  -> (artifact id: '5186e8c87a2b1bcf2e768782a4738639') in 0.031567 seconds 
  Import took 0.045273 seconds .

========================================================================
Received Import Request.
  Time since last request: 0.000557 seconds.
  path: Assets/TextMesh Pro/Examples & Extras/Textures/Brushed Metal 3.jpg
  artifactKey: Guid(f88677df267a41d6be1e7a6133e7d227) Importer(815301076,1909f56bfc062723c751e8b465ee728b)
Start importing Assets/TextMesh Pro/Examples & Extras/Textures/Brushed Metal 3.jpg using Guid(f88677df267a41d6be1e7a6133e7d227) Importer(815301076,1909f56bfc062723c751e8b465ee728b)  -> (artifact id: '0faba9260b048d78924331e5d64c332d') in 0.077162 seconds 
  Import took 0.088240 seconds .

========================================================================
Received Import Request.
  Time since last request: 0.000598 seconds.
  path: Assets/Sunnyland/artwork/Sprites/Items/cherry/cherry-5.png
  artifactKey: Guid(273ba8fade558457eb836eefe69bba7f) Importer(815301076,1909f56bfc062723c751e8b465ee728b)
Start importing Assets/Sunnyland/artwork/Sprites/Items/cherry/cherry-5.png using Guid(273ba8fade558457eb836eefe69bba7f) Importer(815301076,1909f56bfc062723c751e8b465ee728b)  -> (artifact id: 'bd0dda318fcfadca61252f4a295afc4d') in 0.022823 seconds 
  Import took 0.034006 seconds .

========================================================================
Received Import Request.
  Time since last request: 0.000535 seconds.
  path: Assets/Sunnyland/artwork/Environment/props/bush.png
  artifactKey: Guid(ecc204495234d40f091d828790c56287) Importer(815301076,1909f56bfc062723c751e8b465ee728b)
Start importing Assets/Sunnyland/artwork/Environment/props/bush.png using Guid(ecc204495234d40f091d828790c56287) Importer(815301076,1909f56bfc062723c751e8b465ee728b)  -> (artifact id: '841768232ef6c1e79026c4d94dbab9dd') in 0.019516 seconds 
  Import took 0.031176 seconds .

========================================================================
Received Import Request.
  Time since last request: 0.000432 seconds.
  path: Assets/Sunnyland/artwork/Sprites/Items/cherry/cherry-4.png
  artifactKey: Guid(4f3dc6ccaf04b4061a059006d96715f1) Importer(815301076,1909f56bfc062723c751e8b465ee728b)
Start importing Assets/Sunnyland/artwork/Sprites/Items/cherry/cherry-4.png using Guid(4f3dc6ccaf04b4061a059006d96715f1) Importer(815301076,1909f56bfc062723c751e8b465ee728b)  -> (artifact id: '19f25a1fcab7d42e696370264d37d691') in 0.020368 seconds 
  Import took 0.027971 seconds .

========================================================================
Received Import Request.
  Time since last request: 0.000368 seconds.
  path: Assets/TextMesh Pro/Examples & Extras/Resources/Fonts & Materials/Bangers SDF.asset
  artifactKey: Guid(125cb55b44b24c4393181402bc6200e6) Importer(815301076,1909f56bfc062723c751e8b465ee728b)
Start importing Assets/TextMesh Pro/Examples & Extras/Resources/Fonts & Materials/Bangers SDF.asset using Guid(125cb55b44b24c4393181402bc6200e6) Importer(815301076,1909f56bfc062723c751e8b465ee728b)  -> (artifact id: 'e3a2cbd160cb1cd98629f804fe05dd94') in 0.224047 seconds 
  Import took 0.233448 seconds .

========================================================================
Received Import Request.
  Time since last request: 0.000469 seconds.
  path: Assets/Sunnyland/artwork/Environment/back.png
  artifactKey: Guid(8e160a2a620644cd6afef9119dad1093) Importer(815301076,1909f56bfc062723c751e8b465ee728b)
Start importing Assets/Sunnyland/artwork/Environment/back.png using Guid(8e160a2a620644cd6afef9119dad1093) Importer(815301076,1909f56bfc062723c751e8b465ee728b)  -> (artifact id: '81131082faa470f6cefda26211524b05') in 0.026113 seconds 
  Import took 0.034524 seconds .

========================================================================
Received Import Request.
  Time since last request: 0.000454 seconds.
  path: Assets/Sunnyland/artwork/Environment/props/crank-down.png
  artifactKey: Guid(d3240c946631a4966b1bcab3db999126) Importer(815301076,1909f56bfc062723c751e8b465ee728b)
Start importing Assets/Sunnyland/artwork/Environment/props/crank-down.png using Guid(d3240c946631a4966b1bcab3db999126) Importer(815301076,1909f56bfc062723c751e8b465ee728b)  -> (artifact id: 'c332698d9e5392be4ce72131be09bb9b') in 0.024720 seconds 
  Import took 0.035955 seconds .

========================================================================
Received Import Request.
  Time since last request: 0.000388 seconds.
  path: Assets/Sunnyland/artwork/Sprites/Items/cherry/cherry-3.png
  artifactKey: Guid(06c04197e6f394ba897942f561e896c1) Importer(815301076,1909f56bfc062723c751e8b465ee728b)
Start importing Assets/Sunnyland/artwork/Sprites/Items/cherry/cherry-3.png using Guid(06c04197e6f394ba897942f561e896c1) Importer(815301076,1909f56bfc062723c751e8b465ee728b)  -> (artifact id: '1b70ff42fe24087147d8e56e5be6086e') in 0.019456 seconds 
  Import took 0.029937 seconds .

========================================================================
Received Import Request.
  Time since last request: 0.000599 seconds.
  path: Assets/Sunnyland/artwork/Sprites/Items/cherry/cherry-1.png
  artifactKey: Guid(bdce2a9cb3d0242958c2593a3b8d8742) Importer(815301076,1909f56bfc062723c751e8b465ee728b)
Start importing Assets/Sunnyland/artwork/Sprites/Items/cherry/cherry-1.png using Guid(bdce2a9cb3d0242958c2593a3b8d8742) Importer(815301076,1909f56bfc062723c751e8b465ee728b)  -> (artifact id: '7e54ac37aeb4b03ca9b838a837c2b9a5') in 0.019175 seconds 
  Import took 0.030362 seconds .

========================================================================
Received Import Request.
  Time since last request: 0.000290 seconds.
  path: Assets/Sunnyland/artwork/Environment/props/block.png
  artifactKey: Guid(8a8849b7b8b964564b9e89cb1ded0658) Importer(815301076,1909f56bfc062723c751e8b465ee728b)
Start importing Assets/Sunnyland/artwork/Environment/props/block.png using Guid(8a8849b7b8b964564b9e89cb1ded0658) Importer(815301076,1909f56bfc062723c751e8b465ee728b)  -> (artifact id: '08527c46520a60636e16d3309686d4ac') in 0.016466 seconds 
  Import took 0.025470 seconds .

========================================================================
Received Import Request.
  Time since last request: 0.000573 seconds.
  path: Assets/Sunnyland/artwork/Environment/props/block-big.png
  artifactKey: Guid(5bccf13ce09bd43e39c1c3416d5de92c) Importer(815301076,1909f56bfc062723c751e8b465ee728b)
Start importing Assets/Sunnyland/artwork/Environment/props/block-big.png using Guid(5bccf13ce09bd43e39c1c3416d5de92c) Importer(815301076,1909f56bfc062723c751e8b465ee728b)  -> (artifact id: 'c82a427d441dbe574ba874f4b526f7ca') in 0.014449 seconds 
  Import took 0.026719 seconds .

========================================================================
Received Import Request.
  Time since last request: 0.000639 seconds.
  path: Assets/Sunnyland/artwork/Environment/props/big-crate.png
  artifactKey: Guid(3fc2bbd409bf34ab6af1637bab569da1) Importer(815301076,1909f56bfc062723c751e8b465ee728b)
Start importing Assets/Sunnyland/artwork/Environment/props/big-crate.png using Guid(3fc2bbd409bf34ab6af1637bab569da1) Importer(815301076,1909f56bfc062723c751e8b465ee728b)  -> (artifact id: '78f22a9565ab84aee771cb6a51f6736f') in 0.018534 seconds 
  Import took 0.028436 seconds .

========================================================================
Received Import Request.
  Time since last request: 0.000479 seconds.
  path: Assets/Sunnyland/artwork/Sprites/Items/cherry/cherry-2.png
  artifactKey: Guid(8582e97fa62334fbd8bd10c1052e27b8) Importer(815301076,1909f56bfc062723c751e8b465ee728b)
Start importing Assets/Sunnyland/artwork/Sprites/Items/cherry/cherry-2.png using Guid(8582e97fa62334fbd8bd10c1052e27b8) Importer(815301076,1909f56bfc062723c751e8b465ee728b)  -> (artifact id: 'c215efaf1282d6ab3d83600f216bd03a') in 0.018044 seconds 
  Import took 0.029344 seconds .

========================================================================
Received Import Request.
  Time since last request: 0.000372 seconds.
  path: Assets/Sunnyland/artwork/Environment/props/crank-up.png
  artifactKey: Guid(441a2d89600064d4d9ced045b19d0ae6) Importer(815301076,1909f56bfc062723c751e8b465ee728b)
Start importing Assets/Sunnyland/artwork/Environment/props/crank-up.png using Guid(441a2d89600064d4d9ced045b19d0ae6) Importer(815301076,1909f56bfc062723c751e8b465ee728b)  -> (artifact id: 'e51df415551aa384192c55070d5baa2c') in 0.015154 seconds 
  Import took 0.026842 seconds .

========================================================================
Received Import Request.
  Time since last request: 0.000483 seconds.
  path: Assets/Sunnyland/artwork/Sprites/Items/cherry/cherry-6.png
  artifactKey: Guid(4f35b6058a719446ba48dc4dc2704635) Importer(815301076,1909f56bfc062723c751e8b465ee728b)
Start importing Assets/Sunnyland/artwork/Sprites/Items/cherry/cherry-6.png using Guid(4f35b6058a719446ba48dc4dc2704635) Importer(815301076,1909f56bfc062723c751e8b465ee728b)  -> (artifact id: '808fac2a22114d0c950fd153ff39ea77') in 0.018645 seconds 
  Import took 0.026948 seconds .

========================================================================
Received Prepare
Refreshing native plugins compatible for Editor in 10.27 ms, found 4 plugins.
Preloading 0 native plugins for Editor in 0.00 ms.
Unloading 40 Unused Serialized files (Serialized files now loaded: 0)
System memory in use before: 116.7 MB.
System memory in use after: 117.2 MB.

Unloading 40 unused Assets to reduce memory usage. Loaded Objects now: 5879.
Total: 6.559500 ms (FindLiveObjects: 1.054400 ms CreateObjectMapping: 0.498400 ms MarkObjects: 4.961400 ms  DeleteObjects: 0.044300 ms)

AssetImportParameters requested are different than current active one (requested -> active):
  custom:framework-win-MediaFoundation: 216162199b28c13a410421893ffa2e32 -> 
  custom:video-decoder-ogg-theora: a1e56fd34408186e4bbccfd4996cb3dc -> 
  custom:container-muxer-webm: aa71ff27fc2769a1b78a27578f13a17b -> 
  custom:container-demuxer-webm: 4f35f7cbe854078d1ac9338744f61a02 -> 
  custom:container-demuxer-ogg: 62fdf1f143b41e24485cea50d1cbac27 -> 
  custom:video-encoder-webm-vp8: eb34c28f22e8b96e1ab97ce403110664 -> 
  custom:video-codec-MediaFoundation-h265: 746d11721c4dcdbdad8f713fa42b33f4 -> 
  custom:video-decoder-webm-vp8: 9c59270c3fd7afecdb556c50c9e8de78 -> 
  custom:audio-decoder-ogg-vorbis: bf7c407c2cedff20999df2af8eb42d56 -> 
  custom:audio-encoder-webm-vorbis: bf7c407c2cedff20999df2af8eb42d56 -> 
========================================================================
Received Prepare
Refreshing native plugins compatible for Editor in 8.13 ms, found 4 plugins.
Preloading 0 native plugins for Editor in 0.00 ms.
Unloading 40 Unused Serialized files (Serialized files now loaded: 0)
System memory in use before: 116.7 MB.
System memory in use after: 117.2 MB.

Unloading 40 unused Assets to reduce memory usage. Loaded Objects now: 5879.
Total: 4.564800 ms (FindLiveObjects: 0.424800 ms CreateObjectMapping: 0.221700 ms MarkObjects: 3.894000 ms  DeleteObjects: 0.023200 ms)

AssetImportParameters requested are different than current active one (requested -> active):
  custom:framework-win-MediaFoundation: 216162199b28c13a410421893ffa2e32 -> 
  custom:video-decoder-ogg-theora: a1e56fd34408186e4bbccfd4996cb3dc -> 
  custom:container-muxer-webm: aa71ff27fc2769a1b78a27578f13a17b -> 
  custom:container-demuxer-webm: 4f35f7cbe854078d1ac9338744f61a02 -> 
  custom:container-demuxer-ogg: 62fdf1f143b41e24485cea50d1cbac27 -> 
  custom:video-encoder-webm-vp8: eb34c28f22e8b96e1ab97ce403110664 -> 
  custom:video-codec-MediaFoundation-h265: 746d11721c4dcdbdad8f713fa42b33f4 -> 
  custom:video-decoder-webm-vp8: 9c59270c3fd7afecdb556c50c9e8de78 -> 
  custom:audio-decoder-ogg-vorbis: bf7c407c2cedff20999df2af8eb42d56 -> 
  custom:audio-encoder-webm-vorbis: bf7c407c2cedff20999df2af8eb42d56 -> 
========================================================================
Received Prepare
Registering precompiled user dll's ...
Registered in 0.006470 seconds.
Begin MonoManager ReloadAssembly
Symbol file LoadedFromMemory doesn't match image E:\unity\2D\Library\PackageCache\com.unity.visualscripting@1.6.1\Editor\VisualScripting.Core\Dependencies\YamlDotNet\Unity.VisualScripting.YamlDotNet.dll
Symbol file LoadedFromMemory doesn't match image E:\unity\2D\Library\PackageCache\com.unity.visualscripting@1.6.1\Editor\VisualScripting.Core\Dependencies\DotNetZip\Unity.VisualScripting.IonicZip.dll
Native extension for WindowsStandalone target not found
Refreshing native plugins compatible for Editor in 0.97 ms, found 4 plugins.
Preloading 0 native plugins for Editor in 0.00 ms.
Mono: successfully reloaded assembly
- Completed reload, in  1.303 seconds
Domain Reload Profiling:
	ReloadAssembly (1304ms)
		BeginReloadAssembly (173ms)
			ExecutionOrderSort (0ms)
			DisableScriptedObjects (8ms)
			BackupInstance (0ms)
			ReleaseScriptingObjects (0ms)
			CreateAndSetChildDomain (52ms)
		EndReloadAssembly (1052ms)
			LoadAssemblies (119ms)
			RebuildTransferFunctionScriptingTraits (0ms)
			SetupTypeCache (352ms)
			ReleaseScriptCaches (2ms)
			RebuildScriptCaches (49ms)
			SetupLoadedEditorAssemblies (395ms)
				LogAssemblyErrors (0ms)
				InitializePlatformSupportModulesInManaged (5ms)
				SetLoadedEditorAssemblies (0ms)
				RefreshPlugins (1ms)
				BeforeProcessingInitializeOnLoad (107ms)
				ProcessInitializeOnLoadAttributes (265ms)
				ProcessInitializeOnLoadMethodAttributes (7ms)
				AfterProcessingInitializeOnLoad (10ms)
				EditorAssembliesLoaded (0ms)
			ExecutionOrderSort2 (0ms)
			AwakeInstancesAfterBackupRestoration (14ms)
Platform modules already initialized, skipping
Switching build target platform(19) subTarget(0) extendedPlatform(0) -> platform(13) subTarget(537395200) extendedPlatform(0)
Refreshing native plugins compatible for Editor in 0.98 ms, found 4 plugins.
Preloading 0 native plugins for Editor in 0.00 ms.
Unloading 5198 Unused Serialized files (Serialized files now loaded: 0)
System memory in use before: 218.8 MB.
System memory in use after: 219.2 MB.

Unloading 43 unused Assets to reduce memory usage. Loaded Objects now: 5861.
Total: 3.690900 ms (FindLiveObjects: 0.392600 ms CreateObjectMapping: 0.184500 ms MarkObjects: 3.062200 ms  DeleteObjects: 0.050500 ms)

AssetImportParameters requested are different than current active one (requested -> active):
  custom:framework-win-MediaFoundation: 216162199b28c13a410421893ffa2e32 -> 
  custom:video-decoder-ogg-theora: a1e56fd34408186e4bbccfd4996cb3dc -> 
  custom:container-muxer-webm: aa71ff27fc2769a1b78a27578f13a17b -> 
  custom:container-demuxer-webm: 4f35f7cbe854078d1ac9338744f61a02 -> 
  custom:container-demuxer-ogg: 62fdf1f143b41e24485cea50d1cbac27 -> 
  custom:video-encoder-webm-vp8: eb34c28f22e8b96e1ab97ce403110664 -> 
  custom:video-codec-MediaFoundation-h265: 746d11721c4dcdbdad8f713fa42b33f4 -> 
  custom:video-decoder-webm-vp8: 9c59270c3fd7afecdb556c50c9e8de78 -> 
  custom:graphics/normal-map-encoding: 01000000000000000000000000000000 -> 02000000000000000000000000000000
  custom:audio-decoder-ogg-vorbis: bf7c407c2cedff20999df2af8eb42d56 -> 
  custom:audio-encoder-webm-vorbis: bf7c407c2cedff20999df2af8eb42d56 -> 
========================================================================
Received Prepare
Registering precompiled user dll's ...
Registered in 0.007131 seconds.
Begin MonoManager ReloadAssembly
Symbol file LoadedFromMemory doesn't match image E:\unity\2D\Library\PackageCache\com.unity.visualscripting@1.6.1\Editor\VisualScripting.Core\Dependencies\YamlDotNet\Unity.VisualScripting.YamlDotNet.dll
Symbol file LoadedFromMemory doesn't match image E:\unity\2D\Library\PackageCache\com.unity.visualscripting@1.6.1\Editor\VisualScripting.Core\Dependencies\DotNetZip\Unity.VisualScripting.IonicZip.dll
Native extension for WindowsStandalone target not found
Refreshing native plugins compatible for Editor in 1.44 ms, found 4 plugins.
Preloading 0 native plugins for Editor in 0.00 ms.
Mono: successfully reloaded assembly
- Completed reload, in  1.192 seconds
Domain Reload Profiling:
	ReloadAssembly (1192ms)
		BeginReloadAssembly (148ms)
			ExecutionOrderSort (0ms)
			DisableScriptedObjects (4ms)
			BackupInstance (0ms)
			ReleaseScriptingObjects (0ms)
			CreateAndSetChildDomain (44ms)
		EndReloadAssembly (989ms)
			LoadAssemblies (122ms)
			RebuildTransferFunctionScriptingTraits (0ms)
			SetupTypeCache (341ms)
			ReleaseScriptCaches (2ms)
			RebuildScriptCaches (51ms)
			SetupLoadedEditorAssemblies (334ms)
				LogAssemblyErrors (0ms)
				InitializePlatformSupportModulesInManaged (5ms)
				SetLoadedEditorAssemblies (1ms)
				RefreshPlugins (2ms)
				BeforeProcessingInitializeOnLoad (87ms)
				ProcessInitializeOnLoadAttributes (221ms)
				ProcessInitializeOnLoadMethodAttributes (4ms)
				AfterProcessingInitializeOnLoad (15ms)
				EditorAssembliesLoaded (0ms)
			ExecutionOrderSort2 (0ms)
			AwakeInstancesAfterBackupRestoration (18ms)
Platform modules already initialized, skipping
Switching build target platform(19) subTarget(0) extendedPlatform(0) -> platform(13) subTarget(537395200) extendedPlatform(0)
Refreshing native plugins compatible for Editor in 0.98 ms, found 4 plugins.
Preloading 0 native plugins for Editor in 0.00 ms.
Unloading 5198 Unused Serialized files (Serialized files now loaded: 0)
System memory in use before: 218.9 MB.
System memory in use after: 219.3 MB.

Unloading 43 unused Assets to reduce memory usage. Loaded Objects now: 5864.
Total: 4.047700 ms (FindLiveObjects: 0.352600 ms CreateObjectMapping: 0.155500 ms MarkObjects: 3.509300 ms  DeleteObjects: 0.029300 ms)

AssetImportParameters requested are different than current active one (requested -> active):
  custom:framework-win-MediaFoundation: 216162199b28c13a410421893ffa2e32 -> 
  custom:video-decoder-ogg-theora: a1e56fd34408186e4bbccfd4996cb3dc -> 
  custom:container-muxer-webm: aa71ff27fc2769a1b78a27578f13a17b -> 
  custom:container-demuxer-webm: 4f35f7cbe854078d1ac9338744f61a02 -> 
  custom:container-demuxer-ogg: 62fdf1f143b41e24485cea50d1cbac27 -> 
  custom:video-encoder-webm-vp8: eb34c28f22e8b96e1ab97ce403110664 -> 
  custom:video-codec-MediaFoundation-h265: 746d11721c4dcdbdad8f713fa42b33f4 -> 
  custom:video-decoder-webm-vp8: 9c59270c3fd7afecdb556c50c9e8de78 -> 
  custom:graphics/normal-map-encoding: 01000000000000000000000000000000 -> 02000000000000000000000000000000
  custom:audio-decoder-ogg-vorbis: bf7c407c2cedff20999df2af8eb42d56 -> 
  custom:audio-encoder-webm-vorbis: bf7c407c2cedff20999df2af8eb42d56 -> 
========================================================================
Received Prepare
Registering precompiled user dll's ...
Registered in 0.006516 seconds.
Begin MonoManager ReloadAssembly
Symbol file LoadedFromMemory doesn't match image E:\unity\2D\Library\PackageCache\com.unity.visualscripting@1.6.1\Editor\VisualScripting.Core\Dependencies\YamlDotNet\Unity.VisualScripting.YamlDotNet.dll
Symbol file LoadedFromMemory doesn't match image E:\unity\2D\Library\PackageCache\com.unity.visualscripting@1.6.1\Editor\VisualScripting.Core\Dependencies\DotNetZip\Unity.VisualScripting.IonicZip.dll
Native extension for WindowsStandalone target not found
Refreshing native plugins compatible for Editor in 2.48 ms, found 4 plugins.
Preloading 0 native plugins for Editor in 0.00 ms.
Mono: successfully reloaded assembly
- Completed reload, in  1.523 seconds
Domain Reload Profiling:
	ReloadAssembly (1523ms)
		BeginReloadAssembly (157ms)
			ExecutionOrderSort (0ms)
			DisableScriptedObjects (7ms)
			BackupInstance (0ms)
			ReleaseScriptingObjects (0ms)
			CreateAndSetChildDomain (58ms)
		EndReloadAssembly (1310ms)
			LoadAssemblies (123ms)
			RebuildTransferFunctionScriptingTraits (0ms)
			SetupTypeCache (432ms)
			ReleaseScriptCaches (3ms)
			RebuildScriptCaches (51ms)
			SetupLoadedEditorAssemblies (482ms)
				LogAssemblyErrors (0ms)
				InitializePlatformSupportModulesInManaged (8ms)
				SetLoadedEditorAssemblies (1ms)
				RefreshPlugins (3ms)
				BeforeProcessingInitializeOnLoad (146ms)
				ProcessInitializeOnLoadAttributes (299ms)
				ProcessInitializeOnLoadMethodAttributes (7ms)
				AfterProcessingInitializeOnLoad (18ms)
				EditorAssembliesLoaded (0ms)
			ExecutionOrderSort2 (0ms)
			AwakeInstancesAfterBackupRestoration (22ms)
Platform modules already initialized, skipping
Switching build target platform(19) subTarget(0) extendedPlatform(0) -> platform(13) subTarget(537395200) extendedPlatform(0)
Refreshing native plugins compatible for Editor in 1.13 ms, found 4 plugins.
Preloading 0 native plugins for Editor in 0.00 ms.
Unloading 5198 Unused Serialized files (Serialized files now loaded: 0)
System memory in use before: 218.9 MB.
System memory in use after: 219.4 MB.

Unloading 43 unused Assets to reduce memory usage. Loaded Objects now: 5867.
Total: 4.069300 ms (FindLiveObjects: 0.399600 ms CreateObjectMapping: 0.185400 ms MarkObjects: 3.454200 ms  DeleteObjects: 0.029000 ms)

AssetImportParameters requested are different than current active one (requested -> active):
  custom:framework-win-MediaFoundation: 216162199b28c13a410421893ffa2e32 -> 
  custom:video-decoder-ogg-theora: a1e56fd34408186e4bbccfd4996cb3dc -> 
  custom:container-muxer-webm: aa71ff27fc2769a1b78a27578f13a17b -> 
  custom:container-demuxer-webm: 4f35f7cbe854078d1ac9338744f61a02 -> 
  custom:container-demuxer-ogg: 62fdf1f143b41e24485cea50d1cbac27 -> 
  custom:video-encoder-webm-vp8: eb34c28f22e8b96e1ab97ce403110664 -> 
  custom:video-codec-MediaFoundation-h265: 746d11721c4dcdbdad8f713fa42b33f4 -> 
  custom:video-decoder-webm-vp8: 9c59270c3fd7afecdb556c50c9e8de78 -> 
  custom:graphics/normal-map-encoding: 01000000000000000000000000000000 -> 02000000000000000000000000000000
  custom:audio-decoder-ogg-vorbis: bf7c407c2cedff20999df2af8eb42d56 -> 
  custom:audio-encoder-webm-vorbis: bf7c407c2cedff20999df2af8eb42d56 -> 
AssetImportWorkerClient::OnTransportError - code=2 error=End of file
